app/build/intermediates/manifest_merge_blame_file/debug/manifest-merger-blame-debug-report.txt
1<?xml version="1.0" encoding="utf-8"?>
2<manifest xmlns:android="http://schemas.android.com/apk/res/android"
3    package="com.example.motorshop"
4    android:versionCode="1"
5    android:versionName="1.0" >
6
7    <uses-sdk
8        android:minSdkVersion="16"
8-->src\main\AndroidManifest.xml
9        android:targetSdkVersion="30" />
9-->src\main\AndroidManifest.xml
10
11    <uses-permission android:name="android.permission.INTERNET" />
11-->src\main\AndroidManifest.xml:4:5-66
11-->src\main\AndroidManifest.xml:4:22-64
12    <uses-permission android:name="android.permission.WRITE_EXTERNAL_STORAGE" />
12-->[gun0912.ted:tedbottompicker:2.0.1] AndroidManifest.xml:11:5-81
12-->[gun0912.ted:tedbottompicker:2.0.1] AndroidManifest.xml:11:22-78
13    <uses-permission android:name="android.permission.READ_EXTERNAL_STORAGE" />
14
15    <application
15-->src\main\AndroidManifest.xml:5:5-63:19
16        android:name="androidx.multidex.MultiDexApplication"
17        android:allowBackup="true"
17-->src\main\AndroidManifest.xml:7:9-35
18        android:appComponentFactory="androidx.core.app.CoreComponentFactory"
18-->[androidx.core:core:1.5.0] AndroidManifest.xml:24:18-86
19        android:debuggable="true"
20        android:icon="@mipmap/ic_launcher"
20-->src\main\AndroidManifest.xml:8:9-43
21        android:label="@string/app_name"
21-->src\main\AndroidManifest.xml:9:9-41
22        android:roundIcon="@mipmap/ic_launcher_round"
22-->src\main\AndroidManifest.xml:10:9-54
23        android:supportsRtl="true"
23-->src\main\AndroidManifest.xml:11:9-35
24        android:testOnly="true"
25        android:theme="@style/Theme.MotorShop"
25-->src\main\AndroidManifest.xml:12:9-47
26        android:usesCleartextTraffic="true" >
26-->src\main\AndroidManifest.xml:6:9-44
27        <activity android:name="com.example.motorshop.activity.bill.ChiTietDonDat" />
27-->src\main\AndroidManifest.xml:13:9-65
27-->src\main\AndroidManifest.xml:13:19-53
28        <!-- <activity android:name=".login.LoginActivity"> -->
29        <!-- <intent-filter> -->
30        <!-- <action android:name="android.intent.action.MAIN" /> -->
31
32
33        <!-- <category android:name="android.intent.category.LAUNCHER" /> -->
34        <!-- </intent-filter> -->
35        <!-- </activity> -->
36        <!-- <activity -->
37        <!-- android:name=".login.VerifyActivity" -->
38        <!-- android:parentActivityName=".login.LoginActivity"> -->
39        <!-- <intent-filter> -->
40        <!-- <action android:name="android.intent.action.MAIN" /> -->
41
42
43        <!-- <category android:name="android.intent.category.LAUNCHER" /> -->
44        <!-- </intent-filter> -->
45        <!-- </activity> -->
46        <activity
46-->src\main\AndroidManifest.xml:30:9-38:20
47            android:name="com.example.motorshop.activity.main.MainActivity"
47-->src\main\AndroidManifest.xml:31:13-46
48            android:parentActivityName="com.example.motorshop.activity.login.LoginActivity" >
48-->src\main\AndroidManifest.xml:32:13-62
49            <intent-filter>
49-->src\main\AndroidManifest.xml:33:13-37:29
50                <action android:name="android.intent.action.MAIN" />
50-->src\main\AndroidManifest.xml:34:17-69
50-->src\main\AndroidManifest.xml:34:25-66
51
52                <category android:name="android.intent.category.LAUNCHER" />
52-->src\main\AndroidManifest.xml:36:17-77
52-->src\main\AndroidManifest.xml:36:27-74
53            </intent-filter>
54        </activity>
55        <activity android:name="com.example.motorshop.activity.bill.Menu_DonDat" >
55-->src\main\AndroidManifest.xml:39:9-45:20
55-->src\main\AndroidManifest.xml:39:19-51
56            <intent-filter>
56-->src\main\AndroidManifest.xml:33:13-37:29
57                <action android:name="android.intent.action.MAIN" />
57-->src\main\AndroidManifest.xml:34:17-69
57-->src\main\AndroidManifest.xml:34:25-66
58
59                <category android:name="android.intent.category.LAUNCHER" />
59-->src\main\AndroidManifest.xml:36:17-77
59-->src\main\AndroidManifest.xml:36:27-74
60            </intent-filter>
61        </activity>
62        <activity android:name="com.example.motorshop.activity.bill.QuanLy_DonDat" >
62-->src\main\AndroidManifest.xml:46:9-52:20
62-->src\main\AndroidManifest.xml:46:19-53
63            <intent-filter>
63-->src\main\AndroidManifest.xml:33:13-37:29
64                <action android:name="android.intent.action.MAIN" />
64-->src\main\AndroidManifest.xml:34:17-69
64-->src\main\AndroidManifest.xml:34:25-66
65
66                <category android:name="android.intent.category.LAUNCHER" />
66-->src\main\AndroidManifest.xml:36:17-77
66-->src\main\AndroidManifest.xml:36:27-74
67            </intent-filter>
68        </activity>
69        <activity android:name="com.example.motorshop.activity.bill.DonDat" >
69-->src\main\AndroidManifest.xml:53:9-59:20
69-->src\main\AndroidManifest.xml:53:19-46
70            <intent-filter>
70-->src\main\AndroidManifest.xml:33:13-37:29
71                <action android:name="android.intent.action.MAIN" />
71-->src\main\AndroidManifest.xml:34:17-69
71-->src\main\AndroidManifest.xml:34:25-66
72
73                <category android:name="android.intent.category.LAUNCHER" />
73-->src\main\AndroidManifest.xml:36:17-77
73-->src\main\AndroidManifest.xml:36:27-74
74            </intent-filter>
75        </activity>
76
77        <provider
77-->[gun0912.ted:tedbottompicker:2.0.1] AndroidManifest.xml:14:9-22:20
78            android:name="androidx.core.content.FileProvider"
78-->[gun0912.ted:tedbottompicker:2.0.1] AndroidManifest.xml:15:13-62
79            android:authorities="com.example.motorshop.provider"
79-->[gun0912.ted:tedbottompicker:2.0.1] AndroidManifest.xml:16:13-60
80            android:exported="false"
80-->[gun0912.ted:tedbottompicker:2.0.1] AndroidManifest.xml:17:13-37
81            android:grantUriPermissions="true" >
81-->[gun0912.ted:tedbottompicker:2.0.1] AndroidManifest.xml:18:13-47
82            <meta-data
82-->[gun0912.ted:tedbottompicker:2.0.1] AndroidManifest.xml:19:13-21:58
83                android:name="android.support.FILE_PROVIDER_PATHS"
83-->[gun0912.ted:tedbottompicker:2.0.1] AndroidManifest.xml:20:17-67
84                android:resource="@xml/provider_paths" />
84-->[gun0912.ted:tedbottompicker:2.0.1] AndroidManifest.xml:21:17-55
85        </provider>
86
87        <activity
87-->[gun0912.ted:tedpermission:2.2.3] AndroidManifest.xml:10:9-14:67
88            android:name="com.gun0912.tedpermission.TedPermissionActivity"
88-->[gun0912.ted:tedpermission:2.2.3] AndroidManifest.xml:11:13-75
89            android:configChanges="mcc|mnc|locale|keyboard|keyboardHidden|screenLayout|fontScale|uiMode|orientation|screenSize|layoutDirection"
89-->[gun0912.ted:tedpermission:2.2.3] AndroidManifest.xml:12:13-144
90            android:screenOrientation="unspecified"
90-->[gun0912.ted:tedpermission:2.2.3] AndroidManifest.xml:13:13-52
91            android:theme="@style/Theme.Transparent.Permission" />
91-->[gun0912.ted:tedpermission:2.2.3] AndroidManifest.xml:14:13-64
92        <activity
92-->[gun0912.ted:tedonactivityresult:1.0.6] AndroidManifest.xml:10:9-14:75
93            android:name="com.gun0912.tedonactivityresult.ProxyActivity"
93-->[gun0912.ted:tedonactivityresult:1.0.6] AndroidManifest.xml:11:13-73
94            android:configChanges="mcc|mnc|locale|keyboard|keyboardHidden|screenLayout|fontScale|uiMode|orientation|screenSize|layoutDirection"
94-->[gun0912.ted:tedonactivityresult:1.0.6] AndroidManifest.xml:12:13-144
95            android:screenOrientation="unspecified"
95-->[gun0912.ted:tedonactivityresult:1.0.6] AndroidManifest.xml:13:13-52
96            android:theme="@style/android:Theme.Translucent.NoTitleBar" />
96-->[gun0912.ted:tedonactivityresult:1.0.6] AndroidManifest.xml:14:13-72
97    </application>
98
99</manifest>